<?xml version="1.0" encoding="UTF-8"?>
<!-- Generated by org.testng.reporters.JUnitReportReporter -->
<testsuite hostname="NAMITA" failures="0" tests="3" name="cucumberOption.LumaRunner" time="54.039" errors="0" timestamp="2024-09-16T10:22:06 IST" skipped="0">
  <testcase classname="cucumberOption.LumaRunner" name="runScenario" time="30.371"/>
  <system-out/>
  <testcase classname="cucumberOption.LumaRunner" name="runScenario" time="12.003"/>
  <system-out/>
  <testcase classname="cucumberOption.LumaRunner" name="runScenario" time="11.665"/>
  <system-out/>
</testsuite> <!-- cucumberOption.LumaRunner -->
