<?xml version="1.0" encoding="UTF-8"?>
<!-- Generated by org.testng.reporters.JUnitReportReporter -->
<testsuite hostname="NAMITA" failures="0" tests="3" name="cucumberOption.LumaRunner" time="62.048" errors="0" timestamp="2024-09-01T11:28:55 IST" skipped="0">
  <testcase classname="cucumberOption.LumaRunner" name="runScenario" time="14.820"/>
  <system-out/>
  <testcase classname="cucumberOption.LumaRunner" name="runScenario" time="27.998"/>
  <system-out/>
  <testcase classname="cucumberOption.LumaRunner" name="runScenario" time="19.230"/>
  <system-out/>
</testsuite> <!-- cucumberOption.LumaRunner -->
