<?xml version="1.0" encoding="UTF-8"?>
<!-- Generated by org.testng.reporters.JUnitReportReporter -->
<testsuite hostname="NAMITA" failures="0" tests="3" name="cucumberOption.LumaRunner" time="86.753" errors="0" timestamp="2024-09-17T09:39:32 IST" skipped="0">
  <testcase classname="cucumberOption.LumaRunner" name="runScenario" time="20.325"/>
  <system-out/>
  <testcase classname="cucumberOption.LumaRunner" name="runScenario" time="26.867"/>
  <system-out/>
  <testcase classname="cucumberOption.LumaRunner" name="runScenario" time="39.561"/>
  <system-out/>
</testsuite> <!-- cucumberOption.LumaRunner -->
